#
# There is insufficient memory for the Java Runtime Environment to continue.
# Native memory allocation (malloc) failed to allocate 1240256 bytes for Chunk::new
# Possible reasons:
#   The system is out of physical RAM or swap space
#   The process is running with CompressedOops enabled, and the Java Heap may be blocking the growth of the native heap
# Possible solutions:
#   Reduce memory load on the system
#   Increase physical memory or swap space
#   Check if swap backing store is full
#   Decrease Java heap size (-Xmx/-Xms)
#   Decrease number of Java threads
#   Decrease Java thread stack sizes (-Xss)
#   Set larger code cache with -XX:ReservedCodeCacheSize=
#   JVM is running with Unscaled Compressed Oops mode in which the Java heap is
#     placed in the first 4GB address space. The Java Heap base address is the
#     maximum limit for the native heap growth. Please use -XX:HeapBaseMinAddress
#     to set the Java Heap base and to place the Java Heap above 4GB virtual address.
# This output file may be truncated or incomplete.
#
#  Out of Memory Error (allocation.cpp:389), pid=11328, tid=0x00000000000020f0
#
# JRE version: Java(TM) SE Runtime Environment (8.0_202-b08) (build 1.8.0_202-b08)
# Java VM: Java HotSpot(TM) 64-Bit Server VM (25.202-b08 mixed mode windows-amd64 compressed oops)
# Failed to write core dump. Minidumps are not enabled by default on client versions of Windows
#

---------------  T H R E A D  ---------------

Current thread (0x0000000016812800):  JavaThread "C2 CompilerThread0" daemon [_thread_in_native, id=8432, stack(0x0000000016ee0000,0x0000000016fe0000)]

Stack: [0x0000000016ee0000,0x0000000016fe0000]
[error occurred during error reporting (printing stack bounds), id 0xc0000005]

Native frames: (J=compiled Java code, j=interpreted, Vv=VM code, C=native code)


Current CompileTask:
C2:   3152 1568       4       java.net.URLClassLoader$1::run (5 bytes)


---------------  P R O C E S S  ---------------

Java Threads: ( => current thread )
  0x00000000168a4000 JavaThread "Service Thread" daemon [_thread_blocked, id=6888, stack(0x00000000171e0000,0x00000000172e0000)]
  0x0000000016815000 JavaThread "C1 CompilerThread2" daemon [_thread_blocked, id=16524, stack(0x00000000170e0000,0x00000000171e0000)]
  0x0000000016810000 JavaThread "C2 CompilerThread1" daemon [_thread_in_native, id=8532, stack(0x0000000016fe0000,0x00000000170e0000)]
=>0x0000000016812800 JavaThread "C2 CompilerThread0" daemon [_thread_in_native, id=8432, stack(0x0000000016ee0000,0x0000000016fe0000)]
  0x00000000167f4800 JavaThread "Monitor Ctrl-Break" daemon [_thread_in_native, id=12028, stack(0x0000000016de0000,0x0000000016ee0000)]
  0x0000000015491800 JavaThread "Attach Listener" daemon [_thread_blocked, id=15512, stack(0x0000000016ce0000,0x0000000016de0000)]
  0x0000000015478800 JavaThread "Signal Dispatcher" daemon [_thread_blocked, id=12596, stack(0x0000000016be0000,0x0000000016ce0000)]
  0x0000000002e6a800 JavaThread "Finalizer" daemon [_thread_blocked, id=6152, stack(0x00000000166e0000,0x00000000167e0000)]
  0x0000000002e62000 JavaThread "Reference Handler" daemon [_thread_blocked, id=5964, stack(0x00000000165e0000,0x00000000166e0000)]
  0x0000000002d72800 JavaThread "main" [_thread_in_native, id=17332, stack(0x0000000002b00000,0x0000000002c00000)]

Other Threads:
  0x0000000015447800 VMThread [stack: 0x00000000164e0000,0x00000000165e0000] [id=17356]
  0x00000000168b5000 WatcherThread [stack: 0x00000000172e0000,0x00000000173e0000] [id=3020]

VM state:not at safepoint (normal execution)

VM Mutex/Monitor currently owned by a thread: None

heap address: 0x00000000c1400000, size: 1004 MB, Compressed Oops mode: 32-bit
Narrow klass base: 0x0000000000000000, Narrow klass shift: 3
Compressed class space size: 1073741824 Address: 0x0000000100000000

Heap:
 PSYoungGen      total 35328K, used 28456K [0x00000000eb180000, 0x00000000ed680000, 0x0000000100000000)
  eden space 32768K, 79% used [0x00000000eb180000,0x00000000ecad0428,0x00000000ed180000)
  from space 2560K, 99% used [0x00000000ed400000,0x00000000ed679c50,0x00000000ed680000)
  to   space 2560K, 0% used [0x00000000ed180000,0x00000000ed180000,0x00000000ed400000)
 ParOldGen       total 44032K, used 6466K [0x00000000c1400000, 0x00000000c3f00000, 0x00000000eb180000)
  object space 44032K, 14% used [0x00000000c1400000,0x00000000c1a50ac8,0x00000000c3f00000)
 Metaspace       used 14851K, capacity 15114K, committed 15232K, reserved 1062912K
  class space    used 1820K, capacity 1910K, committed 1920K, reserved 1048576K

Card table byte_map: [0x0000000012230000,0x0000000012430000] byte_map_base: 0x0000000011c26000

Marking Bits: (ParMarkBitMap*) 0x0000000053905ce0
 Begin Bits: [0x0000000012980000, 0x0000000013930000)
 End Bits:   [0x0000000013930000, 0x00000000148e0000)

Polling page: 0x0000000000eb0000

CodeCache: size=245760Kb used=5717Kb max_used=5717Kb free=240042Kb
 bounds [0x0000000002e70000, 0x0000000003410000, 0x0000000011e70000]
 total_blobs=1980 nmethods=1622 adapters=270
 compilation: enabled

Compilation events (10 events):
Event: 3.108 Thread 0x0000000016815000 1616       3       java.util.regex.Pattern::next (33 bytes)
Event: 3.109 Thread 0x0000000016815000 nmethod 1616 0x0000000003406f10 code [0x0000000003407080, 0x0000000003407348]
Event: 3.140 Thread 0x0000000016815000 1623       3       org.apache.maven.model.io.xpp3.MavenXpp3ReaderEx::checkFieldWithDuplicate (75 bytes)
Event: 3.141 Thread 0x0000000016815000 nmethod 1623 0x0000000003407490 code [0x00000000034076e0, 0x0000000003408458]
Event: 3.142 Thread 0x0000000016815000 1624       1       org.codehaus.plexus.util.xml.pull.MXParser::getLineNumber (5 bytes)
Event: 3.142 Thread 0x0000000016815000 nmethod 1624 0x0000000003408ad0 code [0x0000000003408c20, 0x0000000003408d30]
Event: 3.143 Thread 0x0000000016815000 1625       1       org.codehaus.plexus.util.xml.pull.MXParser::getColumnNumber (5 bytes)
Event: 3.143 Thread 0x0000000016815000 nmethod 1625 0x0000000003408d90 code [0x0000000003408ee0, 0x0000000003408ff0]
Event: 3.145 Thread 0x0000000016815000 1626       3       java.util.LinkedHashMap::<init> (16 bytes)
Event: 3.145 Thread 0x0000000016815000 nmethod 1626 0x0000000003409050 code [0x00000000034091c0, 0x0000000003409508]

GC Heap History (8 events):
Event: 1.311 GC heap before
{Heap before GC invocations=1 (full 0):
 PSYoungGen      total 18944K, used 16384K [0x00000000eb180000, 0x00000000ec680000, 0x0000000100000000)
  eden space 16384K, 100% used [0x00000000eb180000,0x00000000ec180000,0x00000000ec180000)
  from space 2560K, 0% used [0x00000000ec400000,0x00000000ec400000,0x00000000ec680000)
  to   space 2560K, 0% used [0x00000000ec180000,0x00000000ec180000,0x00000000ec400000)
 ParOldGen       total 44032K, used 0K [0x00000000c1400000, 0x00000000c3f00000, 0x00000000eb180000)
  object space 44032K, 0% used [0x00000000c1400000,0x00000000c1400000,0x00000000c3f00000)
 Metaspace       used 7007K, capacity 7144K, committed 7296K, reserved 1056768K
  class space    used 775K, capacity 828K, committed 896K, reserved 1048576K
Event: 1.318 GC heap after
Heap after GC invocations=1 (full 0):
 PSYoungGen      total 18944K, used 2557K [0x00000000eb180000, 0x00000000ec680000, 0x0000000100000000)
  eden space 16384K, 0% used [0x00000000eb180000,0x00000000eb180000,0x00000000ec180000)
  from space 2560K, 99% used [0x00000000ec180000,0x00000000ec3ff6b8,0x00000000ec400000)
  to   space 2560K, 0% used [0x00000000ec400000,0x00000000ec400000,0x00000000ec680000)
 ParOldGen       total 44032K, used 824K [0x00000000c1400000, 0x00000000c3f00000, 0x00000000eb180000)
  object space 44032K, 1% used [0x00000000c1400000,0x00000000c14ce030,0x00000000c3f00000)
 Metaspace       used 7007K, capacity 7144K, committed 7296K, reserved 1056768K
  class space    used 775K, capacity 828K, committed 896K, reserved 1048576K
}
Event: 1.724 GC heap before
{Heap before GC invocations=2 (full 0):
 PSYoungGen      total 18944K, used 18941K [0x00000000eb180000, 0x00000000ec680000, 0x0000000100000000)
  eden space 16384K, 100% used [0x00000000eb180000,0x00000000ec180000,0x00000000ec180000)
  from space 2560K, 99% used [0x00000000ec180000,0x00000000ec3ff6b8,0x00000000ec400000)
  to   space 2560K, 0% used [0x00000000ec400000,0x00000000ec400000,0x00000000ec680000)
 ParOldGen       total 44032K, used 824K [0x00000000c1400000, 0x00000000c3f00000, 0x00000000eb180000)
  object space 44032K, 1% used [0x00000000c1400000,0x00000000c14ce030,0x00000000c3f00000)
 Metaspace       used 8842K, capacity 9032K, committed 9088K, reserved 1056768K
  class space    used 1055K, capacity 1116K, committed 1152K, reserved 1048576K
Event: 1.754 GC heap after
Heap after GC invocations=2 (full 0):
 PSYoungGen      total 18944K, used 2549K [0x00000000eb180000, 0x00000000ed680000, 0x0000000100000000)
  eden space 16384K, 0% used [0x00000000eb180000,0x00000000eb180000,0x00000000ec180000)
  from space 2560K, 99% used [0x00000000ec400000,0x00000000ec67d730,0x00000000ec680000)
  to   space 2560K, 0% used [0x00000000ec180000,0x00000000ec180000,0x00000000ec400000)
 ParOldGen       total 44032K, used 2170K [0x00000000c1400000, 0x00000000c3f00000, 0x00000000eb180000)
  object space 44032K, 4% used [0x00000000c1400000,0x00000000c161eae0,0x00000000c3f00000)
 Metaspace       used 8842K, capacity 9032K, committed 9088K, reserved 1056768K
  class space    used 1055K, capacity 1116K, committed 1152K, reserved 1048576K
}
Event: 2.057 GC heap before
{Heap before GC invocations=3 (full 0):
 PSYoungGen      total 18944K, used 18933K [0x00000000eb180000, 0x00000000ed680000, 0x0000000100000000)
  eden space 16384K, 100% used [0x00000000eb180000,0x00000000ec180000,0x00000000ec180000)
  from space 2560K, 99% used [0x00000000ec400000,0x00000000ec67d730,0x00000000ec680000)
  to   space 2560K, 0% used [0x00000000ec180000,0x00000000ec180000,0x00000000ec400000)
 ParOldGen       total 44032K, used 2170K [0x00000000c1400000, 0x00000000c3f00000, 0x00000000eb180000)
  object space 44032K, 4% used [0x00000000c1400000,0x00000000c161eae0,0x00000000c3f00000)
 Metaspace       used 9980K, capacity 10142K, committed 10240K, reserved 1058816K
  class space    used 1194K, capacity 1248K, committed 1280K, reserved 1048576K
Event: 2.063 GC heap after
Heap after GC invocations=3 (full 0):
 PSYoungGen      total 18944K, used 2536K [0x00000000eb180000, 0x00000000ed680000, 0x0000000100000000)
  eden space 16384K, 0% used [0x00000000eb180000,0x00000000eb180000,0x00000000ec180000)
  from space 2560K, 99% used [0x00000000ec180000,0x00000000ec3fa020,0x00000000ec400000)
  to   space 2560K, 0% used [0x00000000ed400000,0x00000000ed400000,0x00000000ed680000)
 ParOldGen       total 44032K, used 4172K [0x00000000c1400000, 0x00000000c3f00000, 0x00000000eb180000)
  object space 44032K, 9% used [0x00000000c1400000,0x00000000c18130e8,0x00000000c3f00000)
 Metaspace       used 9980K, capacity 10142K, committed 10240K, reserved 1058816K
  class space    used 1194K, capacity 1248K, committed 1280K, reserved 1048576K
}
Event: 2.329 GC heap before
{Heap before GC invocations=4 (full 0):
 PSYoungGen      total 18944K, used 18920K [0x00000000eb180000, 0x00000000ed680000, 0x0000000100000000)
  eden space 16384K, 100% used [0x00000000eb180000,0x00000000ec180000,0x00000000ec180000)
  from space 2560K, 99% used [0x00000000ec180000,0x00000000ec3fa020,0x00000000ec400000)
  to   space 2560K, 0% used [0x00000000ed400000,0x00000000ed400000,0x00000000ed680000)
 ParOldGen       total 44032K, used 4172K [0x00000000c1400000, 0x00000000c3f00000, 0x00000000eb180000)
  object space 44032K, 9% used [0x00000000c1400000,0x00000000c18130e8,0x00000000c3f00000)
 Metaspace       used 11780K, capacity 12090K, committed 12288K, reserved 1060864K
  class space    used 1430K, capacity 1514K, committed 1536K, reserved 1048576K
Event: 2.335 GC heap after
Heap after GC invocations=4 (full 0):
 PSYoungGen      total 35328K, used 2535K [0x00000000eb180000, 0x00000000ed680000, 0x0000000100000000)
  eden space 32768K, 0% used [0x00000000eb180000,0x00000000eb180000,0x00000000ed180000)
  from space 2560K, 99% used [0x00000000ed400000,0x00000000ed679c50,0x00000000ed680000)
  to   space 2560K, 0% used [0x00000000ed180000,0x00000000ed180000,0x00000000ed400000)
 ParOldGen       total 44032K, used 6466K [0x00000000c1400000, 0x00000000c3f00000, 0x00000000eb180000)
  object space 44032K, 14% used [0x00000000c1400000,0x00000000c1a50ac8,0x00000000c3f00000)
 Metaspace       used 11780K, capacity 12090K, committed 12288K, reserved 1060864K
  class space    used 1430K, capacity 1514K, committed 1536K, reserved 1048576K
}

Deoptimization events (10 events):
Event: 1.145 Thread 0x0000000002d72800 Uncommon trap: reason=unstable_if action=reinterpret pc=0x0000000002f9ad48 method=java.net.URI.match(CJJ)Z @ 19
Event: 1.557 Thread 0x0000000002d72800 Uncommon trap: reason=unstable_if action=reinterpret pc=0x00000000031042fc method=java.util.HashMap.getNode(ILjava/lang/Object;)Ljava/util/HashMap$Node; @ 129
Event: 1.568 Thread 0x0000000002d72800 Uncommon trap: reason=unstable_if action=reinterpret pc=0x000000000306d6e4 method=org.codehaus.plexus.util.xml.pull.MXParser.more()C @ 8
Event: 1.644 Thread 0x0000000002d72800 Uncommon trap: reason=unstable_if action=reinterpret pc=0x0000000003156120 method=java.nio.charset.CoderResult.isOverflow()Z @ 5
Event: 1.652 Thread 0x0000000002d72800 Uncommon trap: reason=unstable_if action=reinterpret pc=0x0000000003151488 method=java.io.Reader.read()I @ 12
Event: 1.779 Thread 0x0000000002d72800 Uncommon trap: reason=unstable_if action=reinterpret pc=0x00000000031807f8 method=sun.nio.cs.StreamDecoder.implRead([CII)I @ 213
Event: 1.881 Thread 0x0000000002d72800 Uncommon trap: reason=unstable_if action=reinterpret pc=0x00000000031098c0 method=java.util.HashMap.getNode(ILjava/lang/Object;)Ljava/util/HashMap$Node; @ 129
Event: 1.897 Thread 0x0000000002d72800 Uncommon trap: reason=range_check action=make_not_entrant pc=0x00000000031ccce0 method=sun.reflect.generics.parser.SignatureParser.current()C @ 34
Event: 2.882 Thread 0x0000000002d72800 Uncommon trap: reason=unstable_if action=reinterpret pc=0x00000000033a9390 method=org.eclipse.sisu.inject.InjectorBindings.isAssignableFrom(Lcom/google/inject/TypeLiteral;Lcom/google/inject/Binding;)Z @ 14
Event: 2.884 Thread 0x0000000002d72800 Uncommon trap: reason=null_check action=make_not_entrant pc=0x0000000003033460 method=java.lang.String.equals(Ljava/lang/Object;)Z @ 8

Classes redefined (0 events):
No events

Internal exceptions (10 events):
Event: 1.548 Thread 0x0000000002d72800 Exception <a 'java/lang/ArrayIndexOutOfBoundsException'> (0x00000000eb9b70e8) thrown at [C:\re\workspace\8-2-build-windows-amd64-cygwin\jdk8u202\12323\hotspot\src\share\vm\runtime\sharedRuntime.cpp, line 605]
Event: 1.555 Thread 0x0000000002d72800 Exception <a 'java/lang/ArrayIndexOutOfBoundsException'> (0x00000000eb9fbd88) thrown at [C:\re\workspace\8-2-build-windows-amd64-cygwin\jdk8u202\12323\hotspot\src\share\vm\runtime\sharedRuntime.cpp, line 605]
Event: 1.798 Thread 0x0000000002d72800 Exception <a 'java/lang/ArrayIndexOutOfBoundsException'> (0x00000000eb3d20b0) thrown at [C:\re\workspace\8-2-build-windows-amd64-cygwin\jdk8u202\12323\hotspot\src\share\vm\runtime\sharedRuntime.cpp, line 605]
Event: 1.799 Thread 0x0000000002d72800 Exception <a 'java/lang/ArrayIndexOutOfBoundsException'> (0x00000000eb3d6a10) thrown at [C:\re\workspace\8-2-build-windows-amd64-cygwin\jdk8u202\12323\hotspot\src\share\vm\runtime\sharedRuntime.cpp, line 605]
Event: 1.897 Thread 0x0000000002d72800 Exception <a 'java/lang/ArrayIndexOutOfBoundsException': 66> (0x00000000eb75f808) thrown at [C:\re\workspace\8-2-build-windows-amd64-cygwin\jdk8u202\12323\hotspot\src\share\vm\interpreter\interpreterRuntime.cpp, line 368]
Event: 1.910 Thread 0x0000000002d72800 Exception <a 'java/lang/ArrayIndexOutOfBoundsException': 66> (0x00000000eb7dc040) thrown at [C:\re\workspace\8-2-build-windows-amd64-cygwin\jdk8u202\12323\hotspot\src\share\vm\interpreter\interpreterRuntime.cpp, line 368]
Event: 2.687 Thread 0x0000000002d72800 Exception <a 'java/lang/NoClassDefFoundError': com/google/inject/servlet/ServletModuleTargetVisitor> (0x00000000ec110220) thrown at [C:\re\workspace\8-2-build-windows-amd64-cygwin\jdk8u202\12323\hotspot\src\share\vm\classfile\systemDictionary.cpp, line 19
Event: 2.687 Thread 0x0000000002d72800 Exception <a 'java/lang/NoClassDefFoundError'> (0x00000000ec110220) thrown at [C:\re\workspace\8-2-build-windows-amd64-cygwin\jdk8u202\12323\hotspot\src\share\vm\prims\jvm.cpp, line 1506]
Event: 2.687 Thread 0x0000000002d72800 Exception <a 'java/lang/NoClassDefFoundError': javax/annotation/Priority> (0x00000000ec114bf0) thrown at [C:\re\workspace\8-2-build-windows-amd64-cygwin\jdk8u202\12323\hotspot\src\share\vm\classfile\systemDictionary.cpp, line 199]
Event: 2.884 Thread 0x0000000002d72800 Implicit null exception at 0x0000000003033298 to 0x0000000003033451

Events (10 events):
Event: 3.144 loading class org/apache/maven/model/merge/ModelMerger$DependencyKeyComputer
Event: 3.144 loading class org/apache/maven/model/merge/ModelMerger$DependencyKeyComputer done
Event: 3.144 loading class org/apache/maven/model/merge/ModelMerger$SourceDominant
Event: 3.144 loading class org/apache/maven/model/merge/ModelMerger$SourceDominant done
Event: 3.145 loading class java/util/Collections$EmptyEnumeration
Event: 3.145 loading class java/util/Collections$EmptyEnumeration done
Event: 3.147 loading class org/apache/maven/model/merge/ModelMerger$ResourceKeyComputer
Event: 3.147 loading class org/apache/maven/model/merge/ModelMerger$ResourceKeyComputer done
Event: 3.148 loading class org/apache/maven/model/merge/ModelMerger$MergingList
Event: 3.148 loading class org/apache/maven/model/merge/ModelMerger$MergingList done


Dynamic libraries:
0x00007ff703de0000 - 0x00007ff703e17000 	D:\Applications\Java\JDK8\bin\java.exe
0x00007ffa1d1c0000 - 0x00007ffa1d3b0000 	C:\Windows\SYSTEM32\ntdll.dll
0x00007ffa1bdb0000 - 0x00007ffa1be62000 	C:\Windows\System32\KERNEL32.DLL
0x00007ffa1ab00000 - 0x00007ffa1ada3000 	C:\Windows\System32\KERNELBASE.dll
0x00007ffa1bf50000 - 0x00007ffa1bff3000 	C:\Windows\System32\ADVAPI32.dll
0x00007ffa1cfa0000 - 0x00007ffa1d03e000 	C:\Windows\System32\msvcrt.dll
0x00007ffa1c180000 - 0x00007ffa1c217000 	C:\Windows\System32\sechost.dll
0x00007ffa1ce10000 - 0x00007ffa1cf30000 	C:\Windows\System32\RPCRT4.dll
0x00007ffa1cc70000 - 0x00007ffa1ce04000 	C:\Windows\System32\USER32.dll
0x00007ffa1aad0000 - 0x00007ffa1aaf1000 	C:\Windows\System32\win32u.dll
0x00007ffa1c570000 - 0x00007ffa1c596000 	C:\Windows\System32\GDI32.dll
0x00007ffa1a150000 - 0x00007ffa1a2e4000 	C:\Windows\System32\gdi32full.dll
0x00007ffa1b030000 - 0x00007ffa1b0ce000 	C:\Windows\System32\msvcp_win.dll
0x00007ffa1b0d0000 - 0x00007ffa1b1ca000 	C:\Windows\System32\ucrtbase.dll
0x00007ffa00af0000 - 0x00007ffa00d75000 	C:\Windows\WinSxS\amd64_microsoft.windows.common-controls_6595b64144ccf1df_6.0.18362.418_none_e6c6b287130d565d\COMCTL32.dll
0x00007ffa1c230000 - 0x00007ffa1c566000 	C:\Windows\System32\combase.dll
0x00007ffa1afb0000 - 0x00007ffa1b030000 	C:\Windows\System32\bcryptPrimitives.dll
0x00007ffa1be70000 - 0x00007ffa1be9e000 	C:\Windows\System32\IMM32.DLL
0x0000000053990000 - 0x0000000053a62000 	D:\Applications\Java\JDK8\jre\bin\msvcr100.dll
0x00000000530e0000 - 0x0000000053985000 	D:\Applications\Java\JDK8\jre\bin\server\jvm.dll
0x00007ffa1c170000 - 0x00007ffa1c178000 	C:\Windows\System32\PSAPI.DLL
0x00007ffa0c410000 - 0x00007ffa0c41a000 	C:\Windows\SYSTEM32\VERSION.dll
0x00007ffa16c90000 - 0x00007ffa16cb4000 	C:\Windows\SYSTEM32\WINMM.dll
0x00007ffa14070000 - 0x00007ffa14079000 	C:\Windows\SYSTEM32\WSOCK32.dll
0x00007ffa1c020000 - 0x00007ffa1c08f000 	C:\Windows\System32\WS2_32.dll
0x00007ffa16c60000 - 0x00007ffa16c8d000 	C:\Windows\SYSTEM32\WINMMBASE.dll
0x00007ffa1b1f0000 - 0x00007ffa1b23a000 	C:\Windows\System32\cfgmgr32.dll
0x00007ffa15100000 - 0x00007ffa1510f000 	D:\Applications\Java\JDK8\jre\bin\verify.dll
0x00007ffa12a30000 - 0x00007ffa12a59000 	D:\Applications\Java\JDK8\jre\bin\java.dll
0x00007ffa12f70000 - 0x00007ffa12f93000 	D:\Applications\Java\JDK8\jre\bin\instrument.dll
0x00007ffa14f60000 - 0x00007ffa14f76000 	D:\Applications\Java\JDK8\jre\bin\zip.dll
0x00007ffa1b270000 - 0x00007ffa1b955000 	C:\Windows\System32\SHELL32.dll
0x00007ffa1cbc0000 - 0x00007ffa1cc69000 	C:\Windows\System32\shcore.dll
0x00007ffa1a2f0000 - 0x00007ffa1aa6f000 	C:\Windows\System32\windows.storage.dll
0x00007ffa1a130000 - 0x00007ffa1a14f000 	C:\Windows\System32\profapi.dll
0x00007ffa1a0c0000 - 0x00007ffa1a10a000 	C:\Windows\System32\powrprof.dll
0x00007ffa1a090000 - 0x00007ffa1a0a0000 	C:\Windows\System32\UMPDC.dll
0x00007ffa1d120000 - 0x00007ffa1d172000 	C:\Windows\System32\shlwapi.dll
0x00007ffa1a0a0000 - 0x00007ffa1a0b1000 	C:\Windows\System32\kernel.appcore.dll
0x00007ffa1b1d0000 - 0x00007ffa1b1e7000 	C:\Windows\System32\cryptsp.dll
0x00007ffa128b0000 - 0x00007ffa128ca000 	D:\Applications\IntelliJ IDEA 2019.2.3\bin\breakgen64.dll
0x00007ffa12880000 - 0x00007ffa1289a000 	D:\Applications\Java\JDK8\jre\bin\net.dll
0x00007ffa0d8c0000 - 0x00007ffa0da96000 	C:\Windows\SYSTEM32\urlmon.dll
0x00007ffa0d610000 - 0x00007ffa0d8b6000 	C:\Windows\SYSTEM32\iertutil.dll
0x00007ffa19a60000 - 0x00007ffa19a6c000 	C:\Windows\SYSTEM32\CRYPTBASE.DLL
0x00007ffa19890000 - 0x00007ffa198f7000 	C:\Windows\system32\mswsock.dll
0x00007ffa19400000 - 0x00007ffa19433000 	C:\Windows\system32\rsaenh.dll
0x00007ffa1b240000 - 0x00007ffa1b266000 	C:\Windows\System32\bcrypt.dll
0x00007ffa19f40000 - 0x00007ffa19f65000 	C:\Windows\SYSTEM32\USERENV.dll
0x00007ffa195a0000 - 0x00007ffa195da000 	C:\Windows\SYSTEM32\IPHLPAPI.DLL
0x00007ffa1c160000 - 0x00007ffa1c168000 	C:\Windows\System32\NSI.dll
0x00007ffa12070000 - 0x00007ffa12086000 	C:\Windows\SYSTEM32\dhcpcsvc6.DLL
0x00007ffa12050000 - 0x00007ffa1206c000 	C:\Windows\SYSTEM32\dhcpcsvc.DLL
0x00007ffa195e0000 - 0x00007ffa196aa000 	C:\Windows\SYSTEM32\DNSAPI.dll
0x00007ffa115a0000 - 0x00007ffa115b2000 	D:\Applications\Java\JDK8\jre\bin\nio.dll
0x00007ffa13450000 - 0x00007ffa1345a000 	C:\Users\opend\AppData\Local\Temp\jansi-1.17.1-5778343387716617172.dll
0x00007ffa12f60000 - 0x00007ffa12f6a000 	C:\Users\opend\AppData\Local\Temp\jansi-1.17.1-7849125100680883231.dll

VM Arguments:
jvm_args: -Dmaven.multiModuleProjectDirectory=D:\Documents\IdeaProjects\SSM\Ch4 -Dmaven.home=D:\Applications\Java\apache-maven-3.6.2 -Dclassworlds.conf=D:\Applications\Java\apache-maven-3.6.2\bin\m2.conf -Dmaven.ext.class.path=D:\Applications\IntelliJ IDEA 2019.2.3\plugins\maven\lib\maven-event-listener.jar -javaagent:D:\Applications\IntelliJ IDEA 2019.2.3\lib\idea_rt.jar=64506:D:\Applications\IntelliJ IDEA 2019.2.3\bin -Dfile.encoding=UTF-8 
java_command: org.codehaus.classworlds.Launcher -Didea.version2019.2.3 -s D:\Applications\Java\apache-maven-3.6.2\conf\settings.xml -Dmaven.repo.local=D:\Documents\MavenRepository test
java_class_path (initial): D:\Applications\Java\apache-maven-3.6.2\boot\plexus-classworlds-2.6.0.jar;D:\Applications\IntelliJ IDEA 2019.2.3\lib\idea_rt.jar
Launcher Type: SUN_STANDARD

Environment Variables:
JAVA_HOME=D:\Applications\Java\JDK8
PATH=C:\Program Files (x86)\Common Files\Oracle\Java\javapath;C:\Windows\system32;C:\Windows;C:\Windows\System32\Wbem;C:\Windows\System32\WindowsPowerShell\v1.0\;C:\Windows\System32\OpenSSH\;D:\Applications\Git\cmd;C:\Program Files\MySQL\MySQL Shell 8.0\bin\
USERNAME=opend
OS=Windows_NT
PROCESSOR_IDENTIFIER=Intel64 Family 6 Model 69 Stepping 1, GenuineIntel



---------------  S Y S T E M  ---------------

OS: Windows 10.0 , 64 bit Build 18362 (10.0.18362.329)

CPU:total 4 (initial active 4) (2 cores per cpu, 2 threads per core) family 6 model 69 stepping 1, cmov, cx8, fxsr, mmx, sse, sse2, sse3, ssse3, sse4.1, sse4.2, popcnt, avx, avx2, aes, clmul, erms, lzcnt, ht, tsc, tscinvbit, bmi1, bmi2

Memory: 4k page, physical 4111216k(468244k free), swap 9958592k(5768k free)

vm_info: Java HotSpot(TM) 64-Bit Server VM (25.202-b08) for windows-amd64 JRE (1.8.0_202-b08), built on Dec 15 2018 19:54:30 by "java_re" with MS VC++ 10.0 (VS2010)

time: Tue Oct 22 16:15:33 2019
timezone: 中国标准时间
elapsed time: 3 seconds (0d 0h 0m 3s)

